Command line:
   regnbit_isim_beh.exe
     -simmode  gui
     -simrunnum  0
     -socket  51824

Sun Sep 24 21:54:56 2017


 Elaboration Time: 0.046875 sec

 Current Memory Usage: 846.742 Meg

 Total Signals          : 5
 Total Nets             : 67
 Total Signal Drivers   : 1
 Total Blocks           : 2
 Total Primitive Blocks : 2
 Total Processes        : 1
 Total Traceable Variables  : 9
 Total Scalar Nets and Variables : 459
Total Line Count : 4

 Total Simulation Time: 0.046875 sec

 Current Memory Usage: 846.742 Meg

Sun Sep 24 21:55:01 2017

