Running: /opt/Xilinx/14.7/ISE_DS/ISE/bin/lin64/unwrapped/fuse -intstyle ise -incremental -lib secureip -o /home/ise/VIRTUAL-BOX/MIPS_MC_com_mult/MIPS_MC_com_mult/CPU_tb_isim_beh.exe -prj /home/ise/VIRTUAL-BOX/MIPS_MC_com_mult/MIPS_MC_com_mult/CPU_tb_beh.prj work.CPU_tb 
ISim P.20160913 (signature 0xfbc00daa)
Number of CPUs detected in this system: 1
Turning on mult-threading, number of parallel sub-compilation jobs: 0 
Determining compilation order of HDL files
Parsing VHDL file "/home/ise/VIRTUAL-BOX/MIPS_MC_com_mult/MIPS_MC_com_mult/multi_div.vhd" into library work
Parsing VHDL file "/home/ise/VIRTUAL-BOX/MIPS_MC_com_mult/MIPS_MC_com_mult/mips_multiciclo.vhd" into library work
Parsing VHDL file "/home/ise/VIRTUAL-BOX/MIPS_MC_com_mult/MIPS_MC_com_mult/mrStd_tb.vhd" into library work
Starting static elaboration
Completed static elaboration
Fuse Memory Usage: 98068 KB
Fuse CPU Usage: 5240 ms
Compiling package standard
Compiling package std_logic_1164
Compiling package std_logic_arith
Compiling package std_logic_unsigned
Compiling package textio
Compiling package aux_functions
Compiling package p_mrstd
Compiling architecture ram_mem of entity RAM_mem [\RAM_mem(('0','0','0','1','0','0...]
Compiling architecture ram_mem of entity RAM_mem [\RAM_mem(('0','0','0','0','0','0...]
Compiling package std_logic_signed
Compiling architecture regn of entity regnbit [regnbit_default]
Compiling architecture regn of entity regnbit [\regnbit(('0','0','0','1','0','0...]
Compiling architecture reg_bank of entity reg_bank [reg_bank_default]
Compiling architecture alu of entity alu [alu_default]
Compiling architecture rtl of entity multiplica [multiplica_default]
Compiling architecture regn of entity regnbit [\regnbit(('0','0','0','0','0','0...]
Compiling architecture datapath of entity datapath [datapath_default]
Compiling architecture control_unit of entity control_unit [control_unit_default]
Compiling architecture mrstd of entity MRstd [mrstd_default]
Compiling architecture cpu_tb of entity cpu_tb
Time Resolution for simulation is 1ps.
Compiled 31 VHDL Units
Built simulation executable /home/ise/VIRTUAL-BOX/MIPS_MC_com_mult/MIPS_MC_com_mult/CPU_tb_isim_beh.exe
Fuse Memory Usage: 121776 KB
Fuse CPU Usage: 6390 ms
GCC CPU Usage: 5370 ms
