ISim log file
Running: /home/ise/VIRTUAL-BOX/MIPS_MC_com_mult/MIPS_MC_com_mult/CPU_tb_isim_beh.exe -intstyle ise -gui -tclbatch isim.cmd -wdb /home/ise/VIRTUAL-BOX/MIPS_MC_com_mult/MIPS_MC_com_mult/CPU_tb_isim_beh.wdb 
ISim P.20160913 (signature 0xfbc00daa)
----------------------------------------------------------------------
WARNING:Security:42 - Your software subscription period has lapsed. Your current version of Xilinx tools will continue to function, but you no longer qualify for Xilinx software updates or new releases.


----------------------------------------------------------------------
This is a Full version of ISim.
Time resolution is 1 ps
# onerror resume
# wave add /
# run 1000 ns
Simulator is doing circuit initialization process.
at 0 ps, Instance /cpu_tb/cpu/dp/ : Warning: There is an 'U'|'X'|'W'|'Z'|'-' in an arithmetic operand, the result will be 'X'(es).
at 0 ps, Instance /cpu_tb/cpu/dp/REGS/ : Warning: CONV_INTEGER: There is an 'U'|'X'|'W'|'Z'|'-' in an arithmetic operand, and it has been converted to 0.
Finished circuit initialization process.
at 0 ps, Instance /cpu_tb/cpu/dp/REGS/ : Warning: CONV_INTEGER: There is an 'U'|'X'|'W'|'Z'|'-' in an arithmetic operand, and it has been converted to 0.
at 0 ps: Error: ******************* INVALID INSTRUCTION *************
at 0 ps, Instance /cpu_tb/cpu/dp/REGS/ : Warning: CONV_INTEGER: There is an 'U'|'X'|'W'|'Z'|'-' in an arithmetic operand, and it has been converted to 0.
# run 1.00us
# run 1.00us
at 2070 ns(3): Error: ******************* INVALID INSTRUCTION *************
# run 1.00us
# run 1.00us
at 4430 ns(3): Error: ******************* INVALID INSTRUCTION *************
# run 1.00us
# exit 0
